#
# There is insufficient memory for the Java Runtime Environment to continue.
# Native memory allocation (mmap) failed to map 67108864 bytes for G1 virtual space
# Possible reasons:
#   The system is out of physical RAM or swap space
#   The process is running with CompressedOops enabled, and the Java Heap may be blocking the growth of the native heap
# Possible solutions:
#   Reduce memory load on the system
#   Increase physical memory or swap space
#   Check if swap backing store is full
#   Decrease Java heap size (-Xmx/-Xms)
#   Decrease number of Java threads
#   Decrease Java thread stack sizes (-Xss)
#   Set larger code cache with -XX:ReservedCodeCacheSize=
#   JVM is running with Unscaled Compressed Oops mode in which the Java heap is
#     placed in the first 4GB address space. The Java Heap base address is the
#     maximum limit for the native heap growth. Please use -XX:HeapBaseMinAddress
#     to set the Java Heap base and to place the Java Heap above 4GB virtual address.
# This output file may be truncated or incomplete.
#
#  Out of Memory Error (os_windows.cpp:3466), pid=16624, tid=17892
#
# JRE version:  (16.0.2+7) (build )
# Java VM: Java HotSpot(TM) 64-Bit Server VM (16.0.2+7-67, mixed mode, sharing, tiered, compressed oops, compressed class ptrs, g1 gc, windows-amd64)
# No core dump will be written. Minidumps are not enabled by default on client versions of Windows
#

---------------  S U M M A R Y ------------

Command Line: -Dfile.encoding=Cp1252 -XX:+ShowCodeDetailsInExceptionMessages com.agendadecontactos.app.InterfazVerContactos

Host: Intel(R) Core(TM) i3-2330M CPU @ 2.20GHz, 4 cores, 3G,  Windows 10 , 64 bit Build 19041 (10.0.19041.1348)
Time: Fri Nov 26 00:33:00 2021 Hora estándar de Argentina elapsed time: 0.035904 seconds (0d 0h 0m 0s)

---------------  T H R E A D  ---------------

Current thread (0x000001fb9105cd50):  JavaThread "Unknown thread" [_thread_in_vm, id=17892, stack(0x0000000459b00000,0x0000000459c00000)]

Stack: [0x0000000459b00000,0x0000000459c00000]
Native frames: (J=compiled Java code, j=interpreted, Vv=VM code, C=native code)
V  [jvm.dll+0x6681ca]
V  [jvm.dll+0x7c9e69]
V  [jvm.dll+0x7cb61e]
V  [jvm.dll+0x7cbc73]
V  [jvm.dll+0x242c55]
V  [jvm.dll+0x664f89]
V  [jvm.dll+0x659b75]
V  [jvm.dll+0x2fbfbb]
V  [jvm.dll+0x3031b6]
V  [jvm.dll+0x35299e]
V  [jvm.dll+0x352bcf]
V  [jvm.dll+0x2d3028]
V  [jvm.dll+0x2d4264]
V  [jvm.dll+0x79c741]
V  [jvm.dll+0x360791]
V  [jvm.dll+0x77a3f0]
V  [jvm.dll+0x3e4e8f]
V  [jvm.dll+0x3e6961]
C  [jli.dll+0x52fb]
C  [ucrtbase.dll+0x21bb2]
C  [KERNEL32.DLL+0x17034]
C  [ntdll.dll+0x52651]


---------------  P R O C E S S  ---------------

Threads class SMR info:
_java_thread_list=0x00007ffca59ccbb8, length=0, elements={
}

Java Threads: ( => current thread )

Other Threads:
  0x000001fb9108ca40 GCTaskThread "GC Thread#0" [stack: 0x0000000459c00000,0x0000000459d00000] [id=10940]
  0x000001fb910965c0 ConcurrentGCThread "G1 Main Marker" [stack: 0x0000000459d00000,0x0000000459e00000] [id=7544]
  0x000001fb91096f40 ConcurrentGCThread "G1 Conc#0" [stack: 0x0000000459e00000,0x0000000459f00000] [id=11924]

[error occurred during error reporting (printing all threads), id 0xc0000005, EXCEPTION_ACCESS_VIOLATION (0xc0000005) at pc=0x00007ffca51a3ee7]

VM state: not at safepoint (not fully initialized)

VM Mutex/Monitor currently owned by a thread:  ([mutex/lock_event])
[0x000001fb91057360] Heap_lock - owner thread: 0x000001fb9105cd50

Heap address: 0x00000000c0c00000, size: 1012 MB, Compressed Oops mode: 32-bit

CDS archive(s) mapped at: [0x0000000000000000-0x0000000000000000-0x0000000000000000), size 0, SharedBaseAddress: 0x0000000800000000, ArchiveRelocationMode: 0.
Narrow klass base: 0x0000000000000000, Narrow klass shift: 0, Narrow klass range: 0x0

GC Precious Log:
<Empty>

Heap:
 garbage-first heap   total 0K, used 0K [0x00000000c0c00000, 0x0000000100000000)
  region size 1024K, 0 young (0K), 0 survivors (0K)

[error occurred during error reporting (printing heap information), id 0xc0000005, EXCEPTION_ACCESS_VIOLATION (0xc0000005) at pc=0x00007ffca5581eed]

GC Heap History (0 events):
No events

Deoptimization events (0 events):
No events

Classes unloaded (0 events):
No events

Classes redefined (0 events):
No events

Internal exceptions (0 events):
No events

Events (1 events):
Event: 0.015 Loaded shared library C:\Program Files\Java\jdk-16.0.2\bin\java.dll


Dynamic libraries:
0x00007ff69def0000 - 0x00007ff69df00000 	C:\Program Files\Java\jdk-16.0.2\bin\javaw.exe
0x00007ffcf8390000 - 0x00007ffcf8585000 	C:\Windows\SYSTEM32\ntdll.dll
0x00007ffcf6fd0000 - 0x00007ffcf708e000 	C:\Windows\System32\KERNEL32.DLL
0x00007ffcf5f30000 - 0x00007ffcf61f8000 	C:\Windows\System32\KERNELBASE.dll
0x00007ffcf5b70000 - 0x00007ffcf5c70000 	C:\Windows\System32\ucrtbase.dll
0x00007ffcf0aa0000 - 0x00007ffcf0ab9000 	C:\Program Files\Java\jdk-16.0.2\bin\VCRUNTIME140.dll
0x00007ffcf01c0000 - 0x00007ffcf01d8000 	C:\Program Files\Java\jdk-16.0.2\bin\jli.dll
0x00007ffcf82a0000 - 0x00007ffcf834c000 	C:\Windows\System32\ADVAPI32.dll
0x00007ffcf6be0000 - 0x00007ffcf6c7e000 	C:\Windows\System32\msvcrt.dll
0x00007ffcf7ea0000 - 0x00007ffcf7f3b000 	C:\Windows\System32\sechost.dll
0x00007ffcf6ab0000 - 0x00007ffcf6bda000 	C:\Windows\System32\RPCRT4.dll
0x00007ffcf7140000 - 0x00007ffcf72e1000 	C:\Windows\System32\USER32.dll
0x00007ffcf5ab0000 - 0x00007ffcf5ad2000 	C:\Windows\System32\win32u.dll
0x00007ffcf63e0000 - 0x00007ffcf640b000 	C:\Windows\System32\GDI32.dll
0x00007ffcf5cd0000 - 0x00007ffcf5ddb000 	C:\Windows\System32\gdi32full.dll
0x00007ffcf5e90000 - 0x00007ffcf5f2d000 	C:\Windows\System32\msvcp_win.dll
0x00007ffceac80000 - 0x00007ffceaf1a000 	C:\Windows\WinSxS\amd64_microsoft.windows.common-controls_6595b64144ccf1df_6.0.19041.1110_none_60b5254171f9507e\COMCTL32.dll
0x00007ffceb6e0000 - 0x00007ffceb6ea000 	C:\Windows\SYSTEM32\VERSION.dll
0x00007ffcf6a00000 - 0x00007ffcf6a30000 	C:\Windows\System32\IMM32.DLL
0x00007ffcf0940000 - 0x00007ffcf094c000 	C:\Program Files\Java\jdk-16.0.2\bin\vcruntime140_1.dll
0x00007ffcd3160000 - 0x00007ffcd31f1000 	C:\Program Files\Java\jdk-16.0.2\bin\msvcp140.dll
0x00007ffca4ec0000 - 0x00007ffca5a6b000 	C:\Program Files\Java\jdk-16.0.2\bin\server\jvm.dll
0x00007ffcf6f60000 - 0x00007ffcf6f68000 	C:\Windows\System32\PSAPI.DLL
0x00007ffce0570000 - 0x00007ffce0597000 	C:\Windows\SYSTEM32\WINMM.dll
0x00007ffcdd4e0000 - 0x00007ffcdd4e9000 	C:\Windows\SYSTEM32\WSOCK32.dll
0x00007ffcf7dd0000 - 0x00007ffcf7e3b000 	C:\Windows\System32\WS2_32.dll
0x00007ffcf39b0000 - 0x00007ffcf39c2000 	C:\Windows\SYSTEM32\kernel.appcore.dll
0x00007ffcf0130000 - 0x00007ffcf013a000 	C:\Program Files\Java\jdk-16.0.2\bin\jimage.dll
0x00007ffcefaf0000 - 0x00007ffcefcd4000 	C:\Windows\SYSTEM32\DBGHELP.DLL
0x00007ffcef0f0000 - 0x00007ffcef11c000 	C:\Windows\SYSTEM32\dbgcore.DLL
0x00007ffcf5ae0000 - 0x00007ffcf5b63000 	C:\Windows\System32\bcryptPrimitives.dll
0x00007ffcef410000 - 0x00007ffcef435000 	C:\Program Files\Java\jdk-16.0.2\bin\java.dll

dbghelp: loaded successfully - version: 4.0.5 - missing functions: none
symbol engine: initialized successfully - sym options: 0x614 - pdb path: .;C:\Program Files\Java\jdk-16.0.2\bin;C:\Windows\SYSTEM32;C:\Windows\WinSxS\amd64_microsoft.windows.common-controls_6595b64144ccf1df_6.0.19041.1110_none_60b5254171f9507e;C:\Program Files\Java\jdk-16.0.2\bin\server

VM Arguments:
jvm_args: -Dfile.encoding=Cp1252 -XX:+ShowCodeDetailsInExceptionMessages 
java_command: com.agendadecontactos.app.InterfazVerContactos
java_class_path (initial): C:\Users\Leonardo\Documents\JavaWokingSets\Educacion IT Java Standard 11 Web\AgendaDeContactos\bin;C:\Users\Leonardo\Documents\JavaWokingSets\Educacion IT Java Standard 11 Web\AgendaDeContactos\lib\mysql-connector-java-8.0.26.jar
Launcher Type: SUN_STANDARD

[Global flags]
     intx CICompilerCount                          = 3                                         {product} {ergonomic}
     uint ConcGCThreads                            = 1                                         {product} {ergonomic}
     uint G1ConcRefinementThreads                  = 4                                         {product} {ergonomic}
   size_t G1HeapRegionSize                         = 1048576                                   {product} {ergonomic}
    uintx GCDrainStackTargetSize                   = 64                                        {product} {ergonomic}
   size_t InitialHeapSize                          = 67108864                                  {product} {ergonomic}
   size_t MarkStackSize                            = 4194304                                   {product} {ergonomic}
   size_t MaxHeapSize                              = 1061158912                                {product} {ergonomic}
   size_t MinHeapDeltaBytes                        = 1048576                                   {product} {ergonomic}
   size_t MinHeapSize                              = 8388608                                   {product} {ergonomic}
    uintx NonNMethodCodeHeapSize                   = 5832780                                {pd product} {ergonomic}
    uintx NonProfiledCodeHeapSize                  = 122912730                              {pd product} {ergonomic}
    uintx ProfiledCodeHeapSize                     = 122912730                              {pd product} {ergonomic}
    uintx ReservedCodeCacheSize                    = 251658240                              {pd product} {ergonomic}
     bool SegmentedCodeCache                       = true                                      {product} {ergonomic}
     bool ShowCodeDetailsInExceptionMessages       = true                                   {manageable} {command line}
   size_t SoftMaxHeapSize                          = 1061158912                             {manageable} {ergonomic}
     bool UseCompressedClassPointers               = true                           {product lp64_product} {ergonomic}
     bool UseCompressedOops                        = true                           {product lp64_product} {ergonomic}
     bool UseG1GC                                  = true                                      {product} {ergonomic}
     bool UseLargePagesIndividualAllocation        = false                                  {pd product} {ergonomic}

Logging:
Log output configuration:
 #0: stdout all=warning uptime,level,tags
 #1: stderr all=off uptime,level,tags

Environment Variables:
JAVA_HOME=C:\Program Files\Java\jdk-16.0.2\bin
PATH=C:/Program Files/Java/jdk-16.0.2/bin/server;C:/Program Files/Java/jdk-16.0.2/bin;C:\Program Files\Java\jdk-16.0.2\bin;C:\Program Files\Java\maven\apache-maven-3.8.2\apache-maven\src\bin;C:\Windows\system32;C:\Windows;C:\Windows\System32\Wbem;C:\Windows\System32\WindowsPowerShell\v1.0\;C:\Program Files\Microsoft SQL Server\Client SDK\ODBC\130\Tools\Binn\;C:\Program Files (x86)\Microsoft SQL Server\140\Tools\Binn\;C:\Program Files\Microsoft SQL Server\140\Tools\Binn\;C:\Program Files\Microsoft SQL Server\140\DTS\Binn\;C:\Program Files (x86)\Microsoft SQL Server\150\DTS\Binn\;C:\Program Files\Azure Data Studio\bin;C:\Program Files\MySQL\MySQL Shell 8.0\bin\;C:\Program Files\Java\jdk-16.0.2\bin;C:\Program Files\Java\maven\apache-maven-3.8.2\apache-maven\src\bin;C:\Users\Leonardo\AppData\Local\Microsoft\WindowsApps;;C:\Program Files\Azure Data Studio\bin;C:\Users\Leonardo\Desktop;
USERNAME=Leonardo
OS=Windows_NT
PROCESSOR_IDENTIFIER=Intel64 Family 6 Model 42 Stepping 7, GenuineIntel



---------------  S Y S T E M  ---------------

OS:
 Windows 10 , 64 bit Build 19041 (10.0.19041.1348)
OS uptime: 1 days 18:09 hours

CPU: total 4 (initial active 4) (2 cores per cpu, 2 threads per core) family 6 model 42 stepping 7 microcode 0x2f, cx8, cmov, fxsr, ht, mmx, sse, sse2, sse3, ssse3, sse4.1, sse4.2, popcnt, tsc, tscinvbit, avx, clmul, vzeroupper, clflush

Memory: 4k page, system-wide physical 4043M (235M free)
TotalPageFile size 16327M (AvailPageFile size 27M)
current process WorkingSet (physical memory assigned to process): 9M, peak: 9M
current process commit charge ("private bytes"): 51M, peak: 115M

vm_info: Java HotSpot(TM) 64-Bit Server VM (16.0.2+7-67) for windows-amd64 JRE (16.0.2+7-67), built on Jun  8 2021 23:24:19 by "mach5one" with MS VC++ 16.7 (VS2019)

END.
